<?xml version="1.0" encoding="UTF-8"?>
<!-- Generated by org.testng.reporters.JUnitReportReporter -->
<testsuite name="com.JavaByKiranTest" tests="1" time="12.831" ignored="0" failures="0" timestamp="28 Aug 2021 02:43:11 GMT" skipped="0" hostname="DESKTOP-UG9OO9H" errors="0">
  <testcase name="loignCheck" time="12.831" classname="com.JavaByKiranTest"/>
</testsuite> <!-- com.JavaByKiranTest -->
