<?xml version="1.0" encoding="UTF-8"?>
<!-- Generated by org.testng.reporters.JUnitReportReporter -->
<testsuite name="basic.NewTest" tests="1" time="0.041" ignored="0" failures="0" timestamp="11 Sep 2021 03:11:31 GMT" skipped="0" hostname="DESKTOP-UG9OO9H" errors="0">
  <testcase name="f" time="0.041" classname="basic.NewTest"/>
</testsuite> <!-- basic.NewTest -->
