<?xml version="1.0" encoding="UTF-8"?>
<!-- Generated by org.testng.reporters.JUnitReportReporter -->
<testsuite name="basic.Task1" tests="1" time="12.929" ignored="0" failures="0" timestamp="05 Sep 2021 06:10:09 GMT" skipped="0" hostname="DESKTOP-UG9OO9H" errors="0">
  <testcase name="Task" time="12.929" classname="basic.Task1"/>
</testsuite> <!-- basic.Task1 -->
