<?xml version="1.0" encoding="UTF-8"?>
<!-- Generated by org.testng.reporters.JUnitReportReporter -->
<testsuite name="com.SignupTaste" tests="20" time="2.701" ignored="0" failures="0" timestamp="02 Oct 2021 16:16:40 GMT" skipped="0" hostname="DESKTOP-SD5V08D" errors="0">
  <testcase name="usefullinks" time="0.032" classname="com.SignupTaste"/>
  <testcase name="javatitle" time="0.031" classname="com.SignupTaste"/>
  <testcase name="dataScience" time="0.032" classname="com.SignupTaste"/>
  <testcase name="downloadsTitle" time="0.038" classname="com.SignupTaste"/>
  <testcase name="jbkheader" time="0.031" classname="com.SignupTaste"/>
  <testcase name="automationtextcheck" time="0.031" classname="com.SignupTaste"/>
  <testcase name="logoutTitle" time="0.047" classname="com.SignupTaste"/>
  <testcase name="dashboardCheck" time="1.650" classname="com.SignupTaste"/>
  <testcase name="checkMembershipText" time="0.031" classname="com.SignupTaste"/>
  <testcase name="phpTitle" time="0.032" classname="com.SignupTaste"/>
  <testcase name="webDevelopment" time="0.031" classname="com.SignupTaste"/>
  <testcase name="loginTitle" time="0.016" classname="com.SignupTaste"/>
  <testcase name="operatorTitle" time="0.188" classname="com.SignupTaste"/>
  <testcase name="testSignWindow" time="0.040" classname="com.SignupTaste"/>
  <testcase name="pythonTitle" time="0.031" classname="com.SignupTaste"/>
  <testcase name="verifyPlaceholdermail" time="0.036" classname="com.SignupTaste"/>
  <testcase name="verifyPlaceholderpassword" time="0.031" classname="com.SignupTaste"/>
  <testcase name="addUserTitle" time="0.152" classname="com.SignupTaste"/>
  <testcase name="userTitlecheck" time="0.180" classname="com.SignupTaste"/>
  <testcase name="seleniumCheck" time="0.041" classname="com.SignupTaste"/>
</testsuite> <!-- com.SignupTaste -->
