<?xml version="1.0" encoding="UTF-8"?>
<!-- Generated by org.testng.reporters.JUnitReportReporter -->
<testsuite name="com.com.jbk.SignupTaste" tests="13" time="152.615" ignored="0" failures="0" timestamp="20 Aug 2021 14:28:23 GMT" skipped="0" hostname="DESKTOP-UG9OO9H" errors="0">
  <testcase name="checkMembershipText" time="7.731" classname="com.com.jbk.SignupTaste"/>
  <testcase name="automationtextcheck" time="9.117" classname="com.com.jbk.SignupTaste"/>
  <testcase name="operatorTitle" time="19.961" classname="com.com.jbk.SignupTaste"/>
  <testcase name="seleniumCheck" time="21.032" classname="com.com.jbk.SignupTaste"/>
  <testcase name="userTitlecheck" time="10.155" classname="com.com.jbk.SignupTaste"/>
  <testcase name="verifyPlaceholdermail" time="7.629" classname="com.com.jbk.SignupTaste"/>
  <testcase name="dashboardCheck" time="10.579" classname="com.com.jbk.SignupTaste"/>
  <testcase name="testSignWindow" time="9.461" classname="com.com.jbk.SignupTaste"/>
  <testcase name="downloadsTitle" time="14.849" classname="com.com.jbk.SignupTaste"/>
  <testcase name="loginTitle" time="6.837" classname="com.com.jbk.SignupTaste"/>
  <testcase name="logoutTitle" time="12.847" classname="com.com.jbk.SignupTaste"/>
  <testcase name="addUserTitle" time="9.996" classname="com.com.jbk.SignupTaste"/>
  <testcase name="verifyPlaceholderpassword" time="12.421" classname="com.com.jbk.SignupTaste"/>
</testsuite> <!-- com.com.jbk.SignupTaste -->
